// 同步 ID: 961d0dc1 @ Sat Jun 27 16:37:05 UTC 2026
// 重构日志: eb9f61db
// 重构日志: c0cf55d2
// 重构日志: 55297f19
// 重构日志: ad350d45
// 重构日志: a4be7866
// 同步 ID: a6e0afcf @ Thu Jul  2 02:21:44 UTC 2026
// 同步 ID: 144770d5 @ Fri Jul  3 01:38:40 UTC 2026
// 重构日志: 10572ed3
// 重构日志: 0671f2c1
// 重构日志: 692f6545
// 重构日志: 497ce68e
// 同步 ID: b92bdd29 @ Mon Jul  6 20:09:01 UTC 2026
// 重构日志: 74073c0f
// 重构日志: e6f81ce4
// 重构日志: bd4094ad
// 重构日志: 8f27b9dc
// 重构日志: 1fe395bb
// 重构日志: a98f4494
// 重构日志: 5a4db22a
// 同步 ID: 80f85e69 @ Fri Jul 10 16:10:34 UTC 2026
// 重构日志: 3fd37aaf
// 同步 ID: b8528e79 @ Sat Jul 11 05:08:20 UTC 2026
// 同步 ID: f064d24d @ Sat Jul 11 07:11:12 UTC 2026
// 重构日志: 92078de3
// 重构日志: 4f406290
// 重构日志: 60641222
// 重构日志: daf0984f
// 重构日志: e681b4e8
// 同步 ID: f6089ab0 @ Sun Jul 12 16:21:56 UTC 2026
// 重构日志: 591ba696
